2025-09-09 14:34:09 - test - INFO - 這是一般訊息
2025-09-09 14:34:09 - test - WARNING - 這是警告訊息
2025-09-09 14:34:09 - test - ERROR - 這是錯誤訊息
2025-09-09 14:37:00 - test - INFO - 這是一般訊息
2025-09-09 14:37:00 - test - WARNING - 這是警告訊息
2025-09-09 14:37:00 - test - ERROR - 這是錯誤訊息
2025-09-09 14:40:53 - app - INFO - 🚀 Titanic 專案啟動
2025-09-09 14:40:53 - clean - INFO - 開始執行資料清理...
2025-09-09 14:40:54 - clean - INFO - 原始資料檢查完成 ✅
2025-09-09 14:40:54 - clean - INFO - 請執行資料清理模組...
2025-09-09 14:40:54 - clean - INFO - ✅ 資料清理完成
2025-09-09 14:40:54 - app - INFO - 🎉 命令 'clean' 執行成功
2025-09-09 14:42:07 - app - INFO - 🚀 Titanic 專案啟動
2025-09-09 14:42:07 - clean - INFO - 開始執行資料清理...
2025-09-09 14:42:07 - clean - INFO - 原始資料檢查完成 ✅
2025-09-09 14:42:07 - clean - INFO - 請執行資料清理模組...
2025-09-09 14:42:07 - clean - INFO - ✅ 資料清理完成
2025-09-09 14:42:07 - app - INFO - 🎉 命令 'clean' 執行成功
2025-09-09 14:42:08 - app - INFO - 🚀 Titanic 專案啟動
2025-09-09 14:42:08 - train - INFO - 開始執行模型訓練...
2025-09-09 14:42:08 - train - INFO - 清理後資料檢查完成 ✅
2025-09-09 14:42:08 - train - INFO - ✅ 模型訓練完成
2025-09-09 14:42:08 - app - INFO - 🎉 命令 'train' 執行成功
2025-09-09 14:42:08 - app - INFO - 🚀 Titanic 專案啟動
2025-09-09 14:42:08 - evaluate - INFO - 開始執行模型評估...
2025-09-09 14:42:08 - evaluate - INFO - 已訓練模型檢查完成 ✅
2025-09-09 14:42:08 - evaluate - INFO - ✅ 模型評估完成
2025-09-09 14:42:08 - app - INFO - 🎉 命令 'eval' 執行成功
2025-09-09 14:42:08 - app - INFO - 🚀 Titanic 專案啟動
2025-09-09 14:42:08 - predict - INFO - 開始執行預測...
2025-09-09 14:42:08 - predict - INFO - 必要檔案檢查完成 ✅
2025-09-09 14:42:08 - predict - INFO - ✅ 預測完成，提交檔案已儲存: D:\practive_w1\submission.csv
2025-09-09 14:42:08 - app - INFO - 🎉 命令 'predict' 執行成功
2025-09-09 14:42:08 - app - INFO - 🚀 Titanic 專案啟動
2025-09-09 14:42:08 - pipeline - INFO - 🚀 開始執行完整流程...
2025-09-09 14:42:08 - pipeline - INFO - 執行步驟: 資料清理
2025-09-09 14:42:08 - clean - INFO - 開始執行資料清理...
2025-09-09 14:42:09 - clean - INFO - 原始資料檢查完成 ✅
2025-09-09 14:42:09 - clean - INFO - 請執行資料清理模組...
2025-09-09 14:42:09 - clean - INFO - ✅ 資料清理完成
2025-09-09 14:42:09 - pipeline - INFO - ✅ 資料清理 完成
2025-09-09 14:42:09 - pipeline - INFO - 執行步驟: 模型訓練
2025-09-09 14:42:09 - train - INFO - 開始執行模型訓練...
2025-09-09 14:42:09 - train - INFO - 清理後資料檢查完成 ✅
2025-09-09 14:42:09 - train - INFO - ✅ 模型訓練完成
2025-09-09 14:42:09 - pipeline - INFO - ✅ 模型訓練 完成
2025-09-09 14:42:09 - pipeline - INFO - 執行步驟: 模型評估
2025-09-09 14:42:09 - evaluate - INFO - 開始執行模型評估...
2025-09-09 14:42:09 - evaluate - INFO - 已訓練模型檢查完成 ✅
2025-09-09 14:42:09 - evaluate - INFO - ✅ 模型評估完成
2025-09-09 14:42:09 - pipeline - INFO - ✅ 模型評估 完成
2025-09-09 14:42:09 - pipeline - INFO - 執行步驟: 產生預測
2025-09-09 14:42:09 - predict - INFO - 開始執行預測...
2025-09-09 14:42:09 - predict - INFO - 必要檔案檢查完成 ✅
2025-09-09 14:42:09 - predict - INFO - ✅ 預測完成，提交檔案已儲存: D:\practive_w1\submission.csv
2025-09-09 14:42:09 - pipeline - INFO - ✅ 產生預測 完成
2025-09-09 14:42:09 - pipeline - INFO - 🎉 完整流程執行完成！
2025-09-09 14:42:09 - app - INFO - 🎉 命令 'pipeline' 執行成功
2025-09-11 14:37:09 - app - INFO - 🚀 Titanic 專案啟動
2025-09-11 14:37:09 - app - INFO - 🐛 除錯模式啟用
2025-09-11 14:37:09 - pipeline - INFO - 🚀 開始執行完整流程...
2025-09-11 14:37:09 - pipeline - INFO - 執行步驟: 資料清理
2025-09-11 14:37:09 - clean - INFO - 開始執行資料清理...
2025-09-11 14:37:10 - clean - INFO - 原始資料檢查完成 ✅
2025-09-11 14:37:10 - clean - INFO - 請執行資料清理模組...
2025-09-11 14:37:10 - clean - INFO - ✅ 資料清理完成
2025-09-11 14:37:10 - pipeline - INFO - ✅ 資料清理 完成
2025-09-11 14:37:10 - pipeline - INFO - 執行步驟: 模型訓練
2025-09-11 14:37:10 - train - INFO - 開始執行模型訓練...
2025-09-11 14:37:10 - train - INFO - 清理後資料檢查完成 ✅
2025-09-11 14:37:10 - train - INFO - ✅ 模型訓練完成
2025-09-11 14:37:10 - pipeline - INFO - ✅ 模型訓練 完成
2025-09-11 14:37:10 - pipeline - INFO - 執行步驟: 模型評估
2025-09-11 14:37:10 - evaluate - INFO - 開始執行模型評估...
2025-09-11 14:37:10 - evaluate - INFO - 已訓練模型檢查完成 ✅
2025-09-11 14:37:10 - evaluate - INFO - ✅ 模型評估完成
2025-09-11 14:37:10 - pipeline - INFO - ✅ 模型評估 完成
2025-09-11 14:37:10 - pipeline - INFO - 執行步驟: 產生預測
2025-09-11 14:37:10 - predict - INFO - 開始執行預測...
2025-09-11 14:37:10 - predict - INFO - 必要檔案檢查完成 ✅
2025-09-11 14:37:10 - predict - INFO - ✅ 預測完成，提交檔案已儲存: D:\practive_w1\submission.csv
2025-09-11 14:37:10 - pipeline - INFO - ✅ 產生預測 完成
2025-09-11 14:37:10 - pipeline - INFO - 🎉 完整流程執行完成！
2025-09-11 14:37:10 - app - INFO - 🎉 命令 'pipeline' 執行成功
2025-09-11 14:48:34 - app - INFO - 🚀 Titanic 專案啟動
2025-09-11 14:48:34 - app - INFO - 🐛 除錯模式啟用
2025-09-11 14:48:34 - pipeline - INFO - 🚀 開始執行完整流程...
2025-09-11 14:48:34 - pipeline - INFO - 執行步驟: 資料清理
2025-09-11 14:48:34 - clean - INFO - 開始執行資料清理...
2025-09-11 14:48:34 - clean - INFO - 原始資料檢查完成 ✅
2025-09-11 14:48:34 - clean - INFO - 請執行資料清理模組...
2025-09-11 14:48:34 - clean - INFO - ✅ 資料清理完成
2025-09-11 14:48:34 - pipeline - INFO - ✅ 資料清理 完成
2025-09-11 14:48:34 - pipeline - INFO - 執行步驟: 模型訓練
2025-09-11 14:48:34 - train - INFO - 開始執行模型訓練...
2025-09-11 14:48:34 - train - INFO - 清理後資料檢查完成 ✅
2025-09-11 14:48:34 - train - INFO - ✅ 模型訓練完成
2025-09-11 14:48:34 - pipeline - INFO - ✅ 模型訓練 完成
2025-09-11 14:48:34 - pipeline - INFO - 執行步驟: 模型評估
2025-09-11 14:48:34 - evaluate - INFO - 開始執行模型評估...
2025-09-11 14:48:34 - evaluate - INFO - 已訓練模型檢查完成 ✅
2025-09-11 14:48:34 - evaluate - INFO - ✅ 模型評估完成
2025-09-11 14:48:34 - pipeline - INFO - ✅ 模型評估 完成
2025-09-11 14:48:34 - pipeline - INFO - 執行步驟: 產生預測
2025-09-11 14:48:34 - predict - INFO - 開始執行預測...
2025-09-11 14:48:34 - predict - INFO - 必要檔案檢查完成 ✅
2025-09-11 14:48:34 - predict - INFO - ✅ 預測完成，提交檔案已儲存: D:\practive_w1\submission.csv
2025-09-11 14:48:34 - pipeline - INFO - ✅ 產生預測 完成
2025-09-11 14:48:34 - pipeline - INFO - 🎉 完整流程執行完成！
2025-09-11 14:48:34 - app - INFO - 🎉 命令 'pipeline' 執行成功
2025-09-11 14:51:28 - app - INFO - 🚀 Titanic 專案啟動
2025-09-11 14:51:28 - app - INFO - 🐛 除錯模式啟用
2025-09-11 14:51:28 - pipeline - INFO - 🚀 開始執行完整流程...
2025-09-11 14:51:28 - pipeline - INFO - 執行步驟: 資料清理
2025-09-11 14:51:28 - clean - INFO - 開始執行資料清理...
2025-09-11 14:51:29 - clean - INFO - 原始資料檢查完成 ✅
2025-09-11 14:51:29 - clean - INFO - 請執行資料清理模組...
2025-09-11 14:51:29 - clean - INFO - ✅ 資料清理完成
2025-09-11 14:51:29 - pipeline - INFO - ✅ 資料清理 完成
2025-09-11 14:51:29 - pipeline - INFO - 執行步驟: 模型訓練
2025-09-11 14:51:29 - train - INFO - 開始執行模型訓練...
2025-09-11 14:51:29 - train - INFO - 清理後資料檢查完成 ✅
2025-09-11 14:51:29 - train - INFO - ✅ 模型訓練完成
2025-09-11 14:51:29 - pipeline - INFO - ✅ 模型訓練 完成
2025-09-11 14:51:29 - pipeline - INFO - 執行步驟: 模型評估
2025-09-11 14:51:29 - evaluate - INFO - 開始執行模型評估...
2025-09-11 14:51:29 - evaluate - INFO - 已訓練模型檢查完成 ✅
2025-09-11 14:51:29 - evaluate - INFO - ✅ 模型評估完成
2025-09-11 14:51:29 - pipeline - INFO - ✅ 模型評估 完成
2025-09-11 14:51:29 - pipeline - INFO - 執行步驟: 產生預測
2025-09-11 14:51:29 - predict - INFO - 開始執行預測...
2025-09-11 14:51:29 - predict - INFO - 必要檔案檢查完成 ✅
2025-09-11 14:51:29 - predict - INFO - ✅ 預測完成，提交檔案已儲存: D:\practive_w1\submission.csv
2025-09-11 14:51:29 - pipeline - INFO - ✅ 產生預測 完成
2025-09-11 14:51:29 - pipeline - INFO - 🎉 完整流程執行完成！
2025-09-11 14:51:29 - app - INFO - 🎉 命令 'pipeline' 執行成功
2025-09-11 15:10:44 - app - INFO - 🚀 Titanic 專案啟動
2025-09-11 15:10:44 - app - INFO - 🐛 除錯模式啟用
2025-09-11 15:10:44 - pipeline - INFO - 🚀 開始執行完整流程...
2025-09-11 15:10:44 - pipeline - INFO - 執行步驟: 資料清理
2025-09-11 15:10:44 - clean - INFO - 開始執行資料清理...
2025-09-11 15:10:44 - clean - INFO - 原始資料檢查完成 ✅
2025-09-11 15:10:44 - clean - INFO - 請執行資料清理模組...
2025-09-11 15:10:44 - clean - INFO - ✅ 資料清理完成
2025-09-11 15:10:44 - pipeline - INFO - ✅ 資料清理 完成
2025-09-11 15:10:44 - pipeline - INFO - 執行步驟: 模型訓練
2025-09-11 15:10:44 - train - INFO - 開始執行模型訓練...
2025-09-11 15:10:44 - train - INFO - 清理後資料檢查完成 ✅
2025-09-11 15:10:44 - train - INFO - ✅ 模型訓練完成
2025-09-11 15:10:44 - pipeline - INFO - ✅ 模型訓練 完成
2025-09-11 15:10:44 - pipeline - INFO - 執行步驟: 模型評估
2025-09-11 15:10:44 - evaluate - INFO - 開始執行模型評估...
2025-09-11 15:10:44 - evaluate - INFO - 已訓練模型檢查完成 ✅
2025-09-11 15:10:44 - evaluate - INFO - ✅ 模型評估完成
2025-09-11 15:10:44 - pipeline - INFO - ✅ 模型評估 完成
2025-09-11 15:10:44 - pipeline - INFO - 執行步驟: 產生預測
2025-09-11 15:10:44 - predict - INFO - 開始執行預測...
2025-09-11 15:10:44 - predict - INFO - 必要檔案檢查完成 ✅
2025-09-11 15:10:44 - predict - INFO - ✅ 預測完成，提交檔案已儲存: D:\practive_w1\submission.csv
2025-09-11 15:10:44 - pipeline - INFO - ✅ 產生預測 完成
2025-09-11 15:10:44 - pipeline - INFO - 🎉 完整流程執行完成！
2025-09-11 15:10:44 - app - INFO - 🎉 命令 'pipeline' 執行成功
